Symlinking /home/julio/source/active_slam_project_github/devel/share/roseus/ros/graphD_exploration/manifest.l
Symlinking /home/julio/source/active_slam_project_github/devel/share/roseus/ros/graphD_exploration/msg/PointArray.l
Symlinking /home/julio/source/active_slam_project_github/devel/share/gennodejs/ros/graphD_exploration/_index.js
Symlinking /home/julio/source/active_slam_project_github/devel/share/gennodejs/ros/graphD_exploration/msg/PointArray.js
Symlinking /home/julio/source/active_slam_project_github/devel/share/gennodejs/ros/graphD_exploration/msg/_index.js
Symlinking /home/julio/source/active_slam_project_github/devel/share/graphD_exploration/cmake/graphD_exploration-msg-paths.cmake
Symlinking /home/julio/source/active_slam_project_github/devel/share/graphD_exploration/cmake/graphD_exploration-msg-extras.cmake
Symlinking /home/julio/source/active_slam_project_github/devel/share/graphD_exploration/cmake/graphD_explorationConfig.cmake
Symlinking /home/julio/source/active_slam_project_github/devel/share/graphD_exploration/cmake/graphD_explorationConfig-version.cmake
Symlinking /home/julio/source/active_slam_project_github/devel/share/graphD_exploration/docs/informationGainConfig.dox
Symlinking /home/julio/source/active_slam_project_github/devel/share/graphD_exploration/docs/informationGainConfig-usage.dox
Symlinking /home/julio/source/active_slam_project_github/devel/share/graphD_exploration/docs/informationGainConfig.wikidoc
Symlinking /home/julio/source/active_slam_project_github/devel/share/common-lisp/ros/graphD_exploration/msg/PointArray.lisp
Symlinking /home/julio/source/active_slam_project_github/devel/share/common-lisp/ros/graphD_exploration/msg/_package_PointArray.lisp
Symlinking /home/julio/source/active_slam_project_github/devel/share/common-lisp/ros/graphD_exploration/msg/graphD_exploration-msg.asd
Symlinking /home/julio/source/active_slam_project_github/devel/share/common-lisp/ros/graphD_exploration/msg/_package.lisp
Symlinking /home/julio/source/active_slam_project_github/devel/include/graphD_exploration/PointArray.h
Symlinking /home/julio/source/active_slam_project_github/devel/include/graphD_exploration/informationGainConfig.h
Symlinking /home/julio/source/active_slam_project_github/devel/lib/graphD_exploration/d_opt_global_rrt_detector
Symlinking /home/julio/source/active_slam_project_github/devel/lib/graphD_exploration/d_opt_local_rrt_detector
Symlinking /home/julio/source/active_slam_project_github/devel/lib/python3/dist-packages/graphD_exploration/__init__.py
Symlinking /home/julio/source/active_slam_project_github/devel/lib/python3/dist-packages/graphD_exploration/cfg/__init__.py
Symlinking /home/julio/source/active_slam_project_github/devel/lib/python3/dist-packages/graphD_exploration/cfg/informationGainConfig.py
Symlinking /home/julio/source/active_slam_project_github/devel/lib/python3/dist-packages/graphD_exploration/msg/_PointArray.py
Symlinking /home/julio/source/active_slam_project_github/devel/lib/python3/dist-packages/graphD_exploration/msg/__init__.py
Symlinking /home/julio/source/active_slam_project_github/devel/lib/pkgconfig/graphD_exploration.pc
