[35m[1mScanning dependencies of target _graphD_exploration_generate_messages_check_deps_PointArray[0m
[35m[1mScanning dependencies of target geometry_msgs_generate_messages_py[0m
[35m[1mScanning dependencies of target std_msgs_generate_messages_eus[0m
[35m[1mScanning dependencies of target std_msgs_generate_messages_lisp[0m
[35m[1mScanning dependencies of target geometry_msgs_generate_messages_eus[0m
[35m[1mScanning dependencies of target graphD_exploration_gencfg[0m
[35m[1mScanning dependencies of target d_opt_local_rrt_detector[0m
[35m[1mScanning dependencies of target d_opt_global_rrt_detector[0m
[35m[1mScanning dependencies of target std_msgs_generate_messages_py[0m
[  0%] Built target geometry_msgs_generate_messages_py
[  0%] Built target std_msgs_generate_messages_lisp
[  0%] Built target std_msgs_generate_messages_eus
[  0%] Built target geometry_msgs_generate_messages_eus
[  6%] [34m[1mGenerating dynamic reconfigure files from cfg/informationGain.cfg: /home/julio/source/active_slam_project_github/devel/.private/graphD_exploration/include/graphD_exploration/informationGainConfig.h /home/julio/source/active_slam_project_github/devel/.private/graphD_exploration/lib/python3/dist-packages/graphD_exploration/cfg/informationGainConfig.py[0m
[35m[1mScanning dependencies of target geometry_msgs_generate_messages_lisp[0m
[ 18%] Built target geometry_msgs_generate_messages_lisp
[35m[1mScanning dependencies of target geometry_msgs_generate_messages_cpp[0m
[35m[1mScanning dependencies of target geometry_msgs_generate_messages_nodejs[0m
[35m[1mScanning dependencies of target std_msgs_generate_messages_cpp[0m
[35m[1mScanning dependencies of target std_msgs_generate_messages_nodejs[0m
[ 18%] [32mBuilding CXX object CMakeFiles/d_opt_local_rrt_detector.dir/src/local_rrt_detector.cpp.o[0m
[ 18%] [32mBuilding CXX object CMakeFiles/d_opt_global_rrt_detector.dir/src/global_rrt_detector.cpp.o[0m
[ 18%] Built target std_msgs_generate_messages_py
[ 25%] Built target std_msgs_generate_messages_nodejs
[ 31%] Built target std_msgs_generate_messages_cpp
[ 31%] Built target geometry_msgs_generate_messages_cpp
[ 31%] [32mBuilding CXX object CMakeFiles/d_opt_global_rrt_detector.dir/src/functions.cpp.o[0m
[ 31%] [32mBuilding CXX object CMakeFiles/d_opt_local_rrt_detector.dir/src/functions.cpp.o[0m
[ 31%] Built target geometry_msgs_generate_messages_nodejs
[ 43%] [32mBuilding CXX object CMakeFiles/d_opt_local_rrt_detector.dir/src/mtrand.cpp.o[0m
[ 43%] [32mBuilding CXX object CMakeFiles/d_opt_global_rrt_detector.dir/src/mtrand.cpp.o[0m
[ 43%] Built target _graphD_exploration_generate_messages_check_deps_PointArray
[35m[1mScanning dependencies of target graphD_exploration_generate_messages_eus[0m
[35m[1mScanning dependencies of target graphD_exploration_generate_messages_lisp[0m
[35m[1mScanning dependencies of target graphD_exploration_generate_messages_cpp[0m
[ 50%] [34m[1mGenerating EusLisp code from graphD_exploration/PointArray.msg[0m
[ 56%] [34m[1mGenerating Lisp code from graphD_exploration/PointArray.msg[0m
[ 62%] [34m[1mGenerating C++ code from graphD_exploration/PointArray.msg[0m
[ 68%] [34m[1mGenerating EusLisp manifest code for graphD_exploration[0m
[35m[1mScanning dependencies of target graphD_exploration_generate_messages_nodejs[0m
[35m[1mScanning dependencies of target graphD_exploration_generate_messages_py[0m
Generating reconfiguration files for informationGain in d_opt_exploration
Wrote header file in /home/julio/source/active_slam_project_github/devel/.private/graphD_exploration/include/graphD_exploration/informationGainConfig.h
[ 75%] [34m[1mGenerating Javascript code from graphD_exploration/PointArray.msg[0m
[ 81%] [34m[1mGenerating Python from MSG graphD_exploration/PointArray[0m
[ 81%] Built target graphD_exploration_generate_messages_lisp
WARNING: Package name "graphD_exploration" does not follow the naming conventions. It should start with a lower case letter and only contain lower case letters, digits, underscores, and dashes.
WARNING: Package name "graphD_exploration" does not follow the naming conventions. It should start with a lower case letter and only contain lower case letters, digits, underscores, and dashes.
[ 81%] Built target graphD_exploration_gencfg
[ 81%] Built target graphD_exploration_generate_messages_nodejs
[ 81%] Built target graphD_exploration_generate_messages_cpp
[ 87%] [34m[1mGenerating Python msg __init__.py for graphD_exploration[0m
WARNING: Package name "graphD_exploration" does not follow the naming conventions. It should start with a lower case letter and only contain lower case letters, digits, underscores, and dashes.
WARNING: Package name "graphD_exploration" does not follow the naming conventions. It should start with a lower case letter and only contain lower case letters, digits, underscores, and dashes.
[ 87%] Built target graphD_exploration_generate_messages_py
WARNING: Package name "graphD_exploration" does not follow the naming conventions. It should start with a lower case letter and only contain lower case letters, digits, underscores, and dashes.
[ 87%] Built target graphD_exploration_generate_messages_eus
[35m[1mScanning dependencies of target graphD_exploration_generate_messages[0m
[ 87%] Built target graphD_exploration_generate_messages
[ 93%] [32m[1mLinking CXX executable /home/julio/source/active_slam_project_github/devel/.private/graphD_exploration/lib/graphD_exploration/d_opt_local_rrt_detector[0m
[100%] [32m[1mLinking CXX executable /home/julio/source/active_slam_project_github/devel/.private/graphD_exploration/lib/graphD_exploration/d_opt_global_rrt_detector[0m
[100%] Built target d_opt_local_rrt_detector
[100%] Built target d_opt_global_rrt_detector
