Symlinking /home/julio/source/active_slam_project_github/devel/share/roseus/ros/rrt_exploration/manifest.l
Symlinking /home/julio/source/active_slam_project_github/devel/share/roseus/ros/rrt_exploration/msg/PointArray.l
Symlinking /home/julio/source/active_slam_project_github/devel/share/gennodejs/ros/rrt_exploration/_index.js
Symlinking /home/julio/source/active_slam_project_github/devel/share/gennodejs/ros/rrt_exploration/msg/PointArray.js
Symlinking /home/julio/source/active_slam_project_github/devel/share/gennodejs/ros/rrt_exploration/msg/_index.js
Symlinking /home/julio/source/active_slam_project_github/devel/share/rrt_exploration/cmake/rrt_explorationConfig-version.cmake
Symlinking /home/julio/source/active_slam_project_github/devel/share/rrt_exploration/cmake/rrt_explorationConfig.cmake
Symlinking /home/julio/source/active_slam_project_github/devel/share/rrt_exploration/cmake/rrt_exploration-msg-extras.cmake
Symlinking /home/julio/source/active_slam_project_github/devel/share/rrt_exploration/cmake/rrt_exploration-msg-paths.cmake
Symlinking /home/julio/source/active_slam_project_github/devel/share/common-lisp/ros/rrt_exploration/msg/PointArray.lisp
Symlinking /home/julio/source/active_slam_project_github/devel/share/common-lisp/ros/rrt_exploration/msg/_package_PointArray.lisp
Symlinking /home/julio/source/active_slam_project_github/devel/share/common-lisp/ros/rrt_exploration/msg/rrt_exploration-msg.asd
Symlinking /home/julio/source/active_slam_project_github/devel/share/common-lisp/ros/rrt_exploration/msg/_package.lisp
Symlinking /home/julio/source/active_slam_project_github/devel/include/rrt_exploration/PointArray.h
Symlinking /home/julio/source/active_slam_project_github/devel/lib/python3/dist-packages/rrt_exploration/__init__.py
Symlinking /home/julio/source/active_slam_project_github/devel/lib/python3/dist-packages/rrt_exploration/msg/_PointArray.py
Symlinking /home/julio/source/active_slam_project_github/devel/lib/python3/dist-packages/rrt_exploration/msg/__init__.py
Symlinking /home/julio/source/active_slam_project_github/devel/lib/pkgconfig/rrt_exploration.pc
Symlinking /home/julio/source/active_slam_project_github/devel/lib/rrt_exploration/local_rrt_detector
Symlinking /home/julio/source/active_slam_project_github/devel/lib/rrt_exploration/global_rrt_detector
