Symlinking /home/julio/source/active_slam_project_github/devel/share/roseus/ros/graph_d_exploration/manifest.l
Symlinking /home/julio/source/active_slam_project_github/devel/share/roseus/ros/graph_d_exploration/msg/PointArray.l
Symlinking /home/julio/source/active_slam_project_github/devel/share/gennodejs/ros/graph_d_exploration/_index.js
Symlinking /home/julio/source/active_slam_project_github/devel/share/gennodejs/ros/graph_d_exploration/msg/PointArray.js
Symlinking /home/julio/source/active_slam_project_github/devel/share/gennodejs/ros/graph_d_exploration/msg/_index.js
Symlinking /home/julio/source/active_slam_project_github/devel/share/graph_d_exploration/cmake/graph_d_exploration-msg-extras.cmake
Symlinking /home/julio/source/active_slam_project_github/devel/share/graph_d_exploration/cmake/graph_d_explorationConfig-version.cmake
Symlinking /home/julio/source/active_slam_project_github/devel/share/graph_d_exploration/cmake/graph_d_explorationConfig.cmake
Symlinking /home/julio/source/active_slam_project_github/devel/share/graph_d_exploration/cmake/graph_d_exploration-msg-paths.cmake
Symlinking /home/julio/source/active_slam_project_github/devel/share/graph_d_exploration/docs/informationGainConfig.dox
Symlinking /home/julio/source/active_slam_project_github/devel/share/graph_d_exploration/docs/informationGainConfig-usage.dox
Symlinking /home/julio/source/active_slam_project_github/devel/share/graph_d_exploration/docs/informationGainConfig.wikidoc
Symlinking /home/julio/source/active_slam_project_github/devel/share/common-lisp/ros/graph_d_exploration/msg/PointArray.lisp
Symlinking /home/julio/source/active_slam_project_github/devel/share/common-lisp/ros/graph_d_exploration/msg/_package_PointArray.lisp
Symlinking /home/julio/source/active_slam_project_github/devel/share/common-lisp/ros/graph_d_exploration/msg/graph_d_exploration-msg.asd
Symlinking /home/julio/source/active_slam_project_github/devel/share/common-lisp/ros/graph_d_exploration/msg/_package.lisp
Symlinking /home/julio/source/active_slam_project_github/devel/include/graph_d_exploration/PointArray.h
Symlinking /home/julio/source/active_slam_project_github/devel/include/graph_d_exploration/informationGainConfig.h
Symlinking /home/julio/source/active_slam_project_github/devel/lib/python3/dist-packages/graph_d_exploration/__init__.py
Symlinking /home/julio/source/active_slam_project_github/devel/lib/python3/dist-packages/graph_d_exploration/cfg/__init__.py
Symlinking /home/julio/source/active_slam_project_github/devel/lib/python3/dist-packages/graph_d_exploration/cfg/informationGainConfig.py
Symlinking /home/julio/source/active_slam_project_github/devel/lib/python3/dist-packages/graph_d_exploration/msg/_PointArray.py
Symlinking /home/julio/source/active_slam_project_github/devel/lib/python3/dist-packages/graph_d_exploration/msg/__init__.py
Symlinking /home/julio/source/active_slam_project_github/devel/lib/graph_d_exploration/d_opt_global_rrt_detector
Symlinking /home/julio/source/active_slam_project_github/devel/lib/graph_d_exploration/d_opt_local_rrt_detector
Symlinking /home/julio/source/active_slam_project_github/devel/lib/pkgconfig/graph_d_exploration.pc
