[  0%] Built target std_msgs_generate_messages_py
[  0%] Built target geometry_msgs_generate_messages_lisp
[  0%] Built target std_msgs_generate_messages_lisp
[  0%] Built target geometry_msgs_generate_messages_nodejs
[  6%] Built target std_msgs_generate_messages_nodejs
[  6%] Built target graph_d_exploration_gencfg
[  6%] Built target geometry_msgs_generate_messages_py
[  6%] Built target geometry_msgs_generate_messages_cpp
[  6%] Built target std_msgs_generate_messages_cpp
[  6%] Built target std_msgs_generate_messages_eus
[  6%] Built target geometry_msgs_generate_messages_eus
[ 56%] Built target d_opt_global_rrt_detector
[ 56%] Built target d_opt_local_rrt_detector
[ 56%] Built target _graph_d_exploration_generate_messages_check_deps_PointArray
[ 93%] Built target graph_d_exploration_generate_messages_lisp
[100%] Built target graph_d_exploration_generate_messages_nodejs
[100%] Built target graph_d_exploration_generate_messages_py
[100%] Built target graph_d_exploration_generate_messages_cpp
[100%] Built target graph_d_exploration_generate_messages_eus
[100%] Built target graph_d_exploration_generate_messages
