Linked: (/home/julio/source/active_slam_project_github/devel/.private/graph_d_exploration/share/roseus/ros/graph_d_exploration/manifest.l, /home/julio/source/active_slam_project_github/devel/share/roseus/ros/graph_d_exploration/manifest.l)
Linked: (/home/julio/source/active_slam_project_github/devel/.private/graph_d_exploration/share/roseus/ros/graph_d_exploration/msg/PointArray.l, /home/julio/source/active_slam_project_github/devel/share/roseus/ros/graph_d_exploration/msg/PointArray.l)
Linked: (/home/julio/source/active_slam_project_github/devel/.private/graph_d_exploration/share/gennodejs/ros/graph_d_exploration/_index.js, /home/julio/source/active_slam_project_github/devel/share/gennodejs/ros/graph_d_exploration/_index.js)
Linked: (/home/julio/source/active_slam_project_github/devel/.private/graph_d_exploration/share/gennodejs/ros/graph_d_exploration/msg/PointArray.js, /home/julio/source/active_slam_project_github/devel/share/gennodejs/ros/graph_d_exploration/msg/PointArray.js)
Linked: (/home/julio/source/active_slam_project_github/devel/.private/graph_d_exploration/share/gennodejs/ros/graph_d_exploration/msg/_index.js, /home/julio/source/active_slam_project_github/devel/share/gennodejs/ros/graph_d_exploration/msg/_index.js)
Linked: (/home/julio/source/active_slam_project_github/devel/.private/graph_d_exploration/share/graph_d_exploration/cmake/graph_d_exploration-msg-extras.cmake, /home/julio/source/active_slam_project_github/devel/share/graph_d_exploration/cmake/graph_d_exploration-msg-extras.cmake)
Linked: (/home/julio/source/active_slam_project_github/devel/.private/graph_d_exploration/share/graph_d_exploration/cmake/graph_d_explorationConfig-version.cmake, /home/julio/source/active_slam_project_github/devel/share/graph_d_exploration/cmake/graph_d_explorationConfig-version.cmake)
Linked: (/home/julio/source/active_slam_project_github/devel/.private/graph_d_exploration/share/graph_d_exploration/cmake/graph_d_explorationConfig.cmake, /home/julio/source/active_slam_project_github/devel/share/graph_d_exploration/cmake/graph_d_explorationConfig.cmake)
Linked: (/home/julio/source/active_slam_project_github/devel/.private/graph_d_exploration/share/graph_d_exploration/cmake/graph_d_exploration-msg-paths.cmake, /home/julio/source/active_slam_project_github/devel/share/graph_d_exploration/cmake/graph_d_exploration-msg-paths.cmake)
Linked: (/home/julio/source/active_slam_project_github/devel/.private/graph_d_exploration/share/graph_d_exploration/docs/informationGainConfig.dox, /home/julio/source/active_slam_project_github/devel/share/graph_d_exploration/docs/informationGainConfig.dox)
Linked: (/home/julio/source/active_slam_project_github/devel/.private/graph_d_exploration/share/graph_d_exploration/docs/informationGainConfig-usage.dox, /home/julio/source/active_slam_project_github/devel/share/graph_d_exploration/docs/informationGainConfig-usage.dox)
Linked: (/home/julio/source/active_slam_project_github/devel/.private/graph_d_exploration/share/graph_d_exploration/docs/informationGainConfig.wikidoc, /home/julio/source/active_slam_project_github/devel/share/graph_d_exploration/docs/informationGainConfig.wikidoc)
Linked: (/home/julio/source/active_slam_project_github/devel/.private/graph_d_exploration/share/common-lisp/ros/graph_d_exploration/msg/PointArray.lisp, /home/julio/source/active_slam_project_github/devel/share/common-lisp/ros/graph_d_exploration/msg/PointArray.lisp)
Linked: (/home/julio/source/active_slam_project_github/devel/.private/graph_d_exploration/share/common-lisp/ros/graph_d_exploration/msg/_package_PointArray.lisp, /home/julio/source/active_slam_project_github/devel/share/common-lisp/ros/graph_d_exploration/msg/_package_PointArray.lisp)
Linked: (/home/julio/source/active_slam_project_github/devel/.private/graph_d_exploration/share/common-lisp/ros/graph_d_exploration/msg/graph_d_exploration-msg.asd, /home/julio/source/active_slam_project_github/devel/share/common-lisp/ros/graph_d_exploration/msg/graph_d_exploration-msg.asd)
Linked: (/home/julio/source/active_slam_project_github/devel/.private/graph_d_exploration/share/common-lisp/ros/graph_d_exploration/msg/_package.lisp, /home/julio/source/active_slam_project_github/devel/share/common-lisp/ros/graph_d_exploration/msg/_package.lisp)
Linked: (/home/julio/source/active_slam_project_github/devel/.private/graph_d_exploration/include/graph_d_exploration/PointArray.h, /home/julio/source/active_slam_project_github/devel/include/graph_d_exploration/PointArray.h)
Linked: (/home/julio/source/active_slam_project_github/devel/.private/graph_d_exploration/include/graph_d_exploration/informationGainConfig.h, /home/julio/source/active_slam_project_github/devel/include/graph_d_exploration/informationGainConfig.h)
Linked: (/home/julio/source/active_slam_project_github/devel/.private/graph_d_exploration/lib/python3/dist-packages/graph_d_exploration/__init__.py, /home/julio/source/active_slam_project_github/devel/lib/python3/dist-packages/graph_d_exploration/__init__.py)
Linked: (/home/julio/source/active_slam_project_github/devel/.private/graph_d_exploration/lib/python3/dist-packages/graph_d_exploration/cfg/__init__.py, /home/julio/source/active_slam_project_github/devel/lib/python3/dist-packages/graph_d_exploration/cfg/__init__.py)
Linked: (/home/julio/source/active_slam_project_github/devel/.private/graph_d_exploration/lib/python3/dist-packages/graph_d_exploration/cfg/informationGainConfig.py, /home/julio/source/active_slam_project_github/devel/lib/python3/dist-packages/graph_d_exploration/cfg/informationGainConfig.py)
Linked: (/home/julio/source/active_slam_project_github/devel/.private/graph_d_exploration/lib/python3/dist-packages/graph_d_exploration/msg/_PointArray.py, /home/julio/source/active_slam_project_github/devel/lib/python3/dist-packages/graph_d_exploration/msg/_PointArray.py)
Linked: (/home/julio/source/active_slam_project_github/devel/.private/graph_d_exploration/lib/python3/dist-packages/graph_d_exploration/msg/__init__.py, /home/julio/source/active_slam_project_github/devel/lib/python3/dist-packages/graph_d_exploration/msg/__init__.py)
Linked: (/home/julio/source/active_slam_project_github/devel/.private/graph_d_exploration/lib/graph_d_exploration/d_opt_global_rrt_detector, /home/julio/source/active_slam_project_github/devel/lib/graph_d_exploration/d_opt_global_rrt_detector)
Linked: (/home/julio/source/active_slam_project_github/devel/.private/graph_d_exploration/lib/graph_d_exploration/d_opt_local_rrt_detector, /home/julio/source/active_slam_project_github/devel/lib/graph_d_exploration/d_opt_local_rrt_detector)
Linked: (/home/julio/source/active_slam_project_github/devel/.private/graph_d_exploration/lib/pkgconfig/graph_d_exploration.pc, /home/julio/source/active_slam_project_github/devel/lib/pkgconfig/graph_d_exploration.pc)
