[35m[1mScanning dependencies of target geometry_msgs_generate_messages_py[0m
[35m[1mScanning dependencies of target std_msgs_generate_messages_nodejs[0m
[35m[1mScanning dependencies of target geometry_msgs_generate_messages_nodejs[0m
[35m[1mScanning dependencies of target std_msgs_generate_messages_lisp[0m
[35m[1mScanning dependencies of target d_opt_local_rrt_detector[0m
[35m[1mScanning dependencies of target graph_d_exploration_gencfg[0m
[35m[1mScanning dependencies of target d_opt_global_rrt_detector[0m
[35m[1mScanning dependencies of target _graph_d_exploration_generate_messages_check_deps_PointArray[0m
[35m[1mScanning dependencies of target std_msgs_generate_messages_eus[0m
[35m[1mScanning dependencies of target geometry_msgs_generate_messages_lisp[0m
[35m[1mScanning dependencies of target std_msgs_generate_messages_py[0m
[35m[1mScanning dependencies of target std_msgs_generate_messages_cpp[0m
[35m[1mScanning dependencies of target geometry_msgs_generate_messages_cpp[0m
[35m[1mScanning dependencies of target geometry_msgs_generate_messages_eus[0m
[  0%] Built target std_msgs_generate_messages_nodejs
[  0%] Built target geometry_msgs_generate_messages_nodejs
[  0%] Built target std_msgs_generate_messages_lisp
[  0%] Built target geometry_msgs_generate_messages_py
[  0%] Built target geometry_msgs_generate_messages_cpp
[  0%] Built target geometry_msgs_generate_messages_lisp
[  6%] [34m[1mGenerating dynamic reconfigure files from cfg/informationGain.cfg: /home/julio/source/active_slam_project_github/devel/.private/graph_d_exploration/include/graph_d_exploration/informationGainConfig.h /home/julio/source/active_slam_project_github/devel/.private/graph_d_exploration/lib/python3/dist-packages/graph_d_exploration/cfg/informationGainConfig.py[0m
[  6%] Built target std_msgs_generate_messages_cpp
[  6%] Built target std_msgs_generate_messages_eus
[  6%] Built target geometry_msgs_generate_messages_eus
[  6%] Built target std_msgs_generate_messages_py
[ 25%] [32mBuilding CXX object CMakeFiles/d_opt_local_rrt_detector.dir/src/local_rrt_detector.cpp.o[0m
[ 25%] [32mBuilding CXX object CMakeFiles/d_opt_local_rrt_detector.dir/src/functions.cpp.o[0m
[ 25%] [32mBuilding CXX object CMakeFiles/d_opt_local_rrt_detector.dir/src/mtrand.cpp.o[0m
[ 43%] [32mBuilding CXX object CMakeFiles/d_opt_global_rrt_detector.dir/src/global_rrt_detector.cpp.o[0m
[ 43%] [32mBuilding CXX object CMakeFiles/d_opt_global_rrt_detector.dir/src/functions.cpp.o[0m
[ 43%] [32mBuilding CXX object CMakeFiles/d_opt_global_rrt_detector.dir/src/mtrand.cpp.o[0m
[ 43%] Built target _graph_d_exploration_generate_messages_check_deps_PointArray
[35m[1mScanning dependencies of target graph_d_exploration_generate_messages_py[0m
[35m[1mScanning dependencies of target graph_d_exploration_generate_messages_lisp[0m
[35m[1mScanning dependencies of target graph_d_exploration_generate_messages_cpp[0m
[35m[1mScanning dependencies of target graph_d_exploration_generate_messages_eus[0m
[35m[1mScanning dependencies of target graph_d_exploration_generate_messages_nodejs[0m
[ 68%] [34m[1mGenerating EusLisp manifest code for graph_d_exploration[0m
[ 68%] [34m[1mGenerating Lisp code from graph_d_exploration/PointArray.msg[0m
[ 68%] [34m[1mGenerating Python from MSG graph_d_exploration/PointArray[0m
[ 68%] [34m[1mGenerating EusLisp code from graph_d_exploration/PointArray.msg[0m
[ 75%] [34m[1mGenerating C++ code from graph_d_exploration/PointArray.msg[0m
[ 81%] [34m[1mGenerating Javascript code from graph_d_exploration/PointArray.msg[0m
Generating reconfiguration files for informationGain in d_opt_exploration
Wrote header file in /home/julio/source/active_slam_project_github/devel/.private/graph_d_exploration/include/graph_d_exploration/informationGainConfig.h
[ 81%] Built target graph_d_exploration_generate_messages_lisp
[ 81%] Built target graph_d_exploration_gencfg
[ 81%] Built target graph_d_exploration_generate_messages_nodejs
[ 81%] Built target graph_d_exploration_generate_messages_cpp
[ 87%] [34m[1mGenerating Python msg __init__.py for graph_d_exploration[0m
[ 87%] Built target graph_d_exploration_generate_messages_py
[ 87%] Built target graph_d_exploration_generate_messages_eus
[35m[1mScanning dependencies of target graph_d_exploration_generate_messages[0m
[ 87%] Built target graph_d_exploration_generate_messages
[ 93%] [32m[1mLinking CXX executable /home/julio/source/active_slam_project_github/devel/.private/graph_d_exploration/lib/graph_d_exploration/d_opt_global_rrt_detector[0m
[100%] [32m[1mLinking CXX executable /home/julio/source/active_slam_project_github/devel/.private/graph_d_exploration/lib/graph_d_exploration/d_opt_local_rrt_detector[0m
[100%] Built target d_opt_global_rrt_detector
[100%] Built target d_opt_local_rrt_detector
